app/build/intermediates/manifest_merge_blame_file/debug/processDebugMainManifest/manifest-merger-blame-debug-report.txt
1<?xml version="1.0" encoding="utf-8"?>
2<manifest xmlns:android="http://schemas.android.com/apk/res/android"
3    package="com.example.b07proj"
4    android:versionCode="1"
5    android:versionName="1.0" >
6
7    <uses-sdk
8        android:minSdkVersion="24"
9        android:targetSdkVersion="36" />
10
11    <uses-permission android:name="android.permission.ACCESS_NETWORK_STATE" />
11-->[com.firebaseui:firebase-ui-auth:9.0.0] AndroidManifest.xml:8:5-79
11-->[com.firebaseui:firebase-ui-auth:9.0.0] AndroidManifest.xml:8:22-76
12    <uses-permission android:name="android.permission.INTERNET" /> <!-- Used to check if a browser is available before launching phone auth -->
12-->[com.firebaseui:firebase-ui-auth:9.0.0] AndroidManifest.xml:9:5-67
12-->[com.firebaseui:firebase-ui-auth:9.0.0] AndroidManifest.xml:9:22-64
13    <!-- See ui/phone/PhoneNumberVerificationHandler.isBrowserAvailable() -->
14    <queries>
14-->[com.firebaseui:firebase-ui-auth:9.0.0] AndroidManifest.xml:13:5-21:15
15        <intent>
15-->[com.firebaseui:firebase-ui-auth:9.0.0] AndroidManifest.xml:14:9-20:18
16            <action android:name="android.intent.action.VIEW" />
16-->[com.firebaseui:firebase-ui-auth:9.0.0] AndroidManifest.xml:15:13-65
16-->[com.firebaseui:firebase-ui-auth:9.0.0] AndroidManifest.xml:15:21-62
17
18            <category android:name="android.intent.category.BROWSABLE" />
18-->[com.firebaseui:firebase-ui-auth:9.0.0] AndroidManifest.xml:17:13-74
18-->[com.firebaseui:firebase-ui-auth:9.0.0] AndroidManifest.xml:17:23-71
19
20            <data android:scheme="http" />
20-->[com.firebaseui:firebase-ui-auth:9.0.0] AndroidManifest.xml:19:13-43
20-->[com.firebaseui:firebase-ui-auth:9.0.0] AndroidManifest.xml:19:19-40
21        </intent>
22    </queries>
23
24    <uses-permission android:name="android.permission.WAKE_LOCK" />
24-->[com.google.android.gms:play-services-measurement:22.5.0] AndroidManifest.xml:25:5-68
24-->[com.google.android.gms:play-services-measurement:22.5.0] AndroidManifest.xml:25:22-65
25    <uses-permission android:name="com.google.android.finsky.permission.BIND_GET_INSTALL_REFERRER_SERVICE" />
25-->[com.google.android.gms:play-services-measurement:22.5.0] AndroidManifest.xml:26:5-110
25-->[com.google.android.gms:play-services-measurement:22.5.0] AndroidManifest.xml:26:22-107
26    <uses-permission android:name="com.google.android.gms.permission.AD_ID" />
26-->[com.google.android.gms:play-services-measurement-impl:22.5.0] AndroidManifest.xml:27:5-79
26-->[com.google.android.gms:play-services-measurement-impl:22.5.0] AndroidManifest.xml:27:22-76
27    <uses-permission android:name="android.permission.ACCESS_ADSERVICES_ATTRIBUTION" />
27-->[com.google.android.gms:play-services-measurement-api:22.5.0] AndroidManifest.xml:26:5-88
27-->[com.google.android.gms:play-services-measurement-api:22.5.0] AndroidManifest.xml:26:22-85
28    <uses-permission android:name="android.permission.ACCESS_ADSERVICES_AD_ID" />
28-->[com.google.android.gms:play-services-measurement-api:22.5.0] AndroidManifest.xml:27:5-82
28-->[com.google.android.gms:play-services-measurement-api:22.5.0] AndroidManifest.xml:27:22-79
29    <uses-permission android:name="com.google.android.providers.gsf.permission.READ_GSERVICES" />
29-->[com.google.android.recaptcha:recaptcha:18.6.1] AndroidManifest.xml:9:5-98
29-->[com.google.android.recaptcha:recaptcha:18.6.1] AndroidManifest.xml:9:22-95
30
31    <permission
31-->[androidx.core:core:1.16.0] AndroidManifest.xml:22:5-24:47
32        android:name="com.example.b07proj.DYNAMIC_RECEIVER_NOT_EXPORTED_PERMISSION"
32-->[androidx.core:core:1.16.0] AndroidManifest.xml:23:9-81
33        android:protectionLevel="signature" />
33-->[androidx.core:core:1.16.0] AndroidManifest.xml:24:9-44
34
35    <uses-permission android:name="com.example.b07proj.DYNAMIC_RECEIVER_NOT_EXPORTED_PERMISSION" />
35-->[androidx.core:core:1.16.0] AndroidManifest.xml:26:5-97
35-->[androidx.core:core:1.16.0] AndroidManifest.xml:26:22-94
36
37    <application
37-->src/main/AndroidManifest.xml:5:5-26:19
38        android:name="com.example.b07proj.MyApplication"
38-->src/main/AndroidManifest.xml:6:9-38
39        android:allowBackup="true"
39-->src/main/AndroidManifest.xml:7:9-35
40        android:appComponentFactory="androidx.core.app.CoreComponentFactory"
40-->[androidx.core:core:1.16.0] AndroidManifest.xml:28:18-86
41        android:dataExtractionRules="@xml/data_extraction_rules"
41-->src/main/AndroidManifest.xml:8:9-65
42        android:debuggable="true"
43        android:extractNativeLibs="false"
44        android:fullBackupContent="@xml/backup_rules"
44-->src/main/AndroidManifest.xml:9:9-54
45        android:icon="@mipmap/ic_launcher"
45-->src/main/AndroidManifest.xml:10:9-43
46        android:label="@string/app_name"
46-->src/main/AndroidManifest.xml:11:9-41
47        android:roundIcon="@mipmap/ic_launcher_round"
47-->src/main/AndroidManifest.xml:12:9-54
48        android:supportsRtl="true"
48-->src/main/AndroidManifest.xml:13:9-35
49        android:testOnly="true"
50        android:theme="@style/Theme.B07Proj" >
50-->src/main/AndroidManifest.xml:14:9-45
51        <activity
51-->src/main/AndroidManifest.xml:15:9-25:20
52            android:name="com.example.b07proj.MainActivity"
52-->src/main/AndroidManifest.xml:16:13-41
53            android:exported="true"
53-->src/main/AndroidManifest.xml:17:13-36
54            android:label="@string/app_name"
54-->src/main/AndroidManifest.xml:18:13-45
55            android:theme="@style/Theme.B07Proj" >
55-->src/main/AndroidManifest.xml:19:13-49
56            <intent-filter>
56-->src/main/AndroidManifest.xml:20:13-24:29
57                <action android:name="android.intent.action.MAIN" />
57-->src/main/AndroidManifest.xml:21:17-69
57-->src/main/AndroidManifest.xml:21:25-66
58
59                <category android:name="android.intent.category.LAUNCHER" />
59-->src/main/AndroidManifest.xml:23:17-77
59-->src/main/AndroidManifest.xml:23:27-74
60            </intent-filter>
61        </activity>
62
63        <meta-data
63-->[com.firebaseui:firebase-ui-auth:9.0.0] AndroidManifest.xml:24:9-26:69
64            android:name="com.google.android.gms.version"
64-->[com.firebaseui:firebase-ui-auth:9.0.0] AndroidManifest.xml:25:13-58
65            android:value="@integer/google_play_services_version" />
65-->[com.firebaseui:firebase-ui-auth:9.0.0] AndroidManifest.xml:26:13-66
66        <meta-data
66-->[com.firebaseui:firebase-ui-auth:9.0.0] AndroidManifest.xml:27:9-29:63
67            android:name="com.facebook.sdk.ApplicationId"
67-->[com.firebaseui:firebase-ui-auth:9.0.0] AndroidManifest.xml:28:13-58
68            android:value="@string/facebook_application_id" />
68-->[com.firebaseui:firebase-ui-auth:9.0.0] AndroidManifest.xml:29:13-60
69
70        <activity
70-->[com.firebaseui:firebase-ui-auth:9.0.0] AndroidManifest.xml:31:9-35:61
71            android:name="com.firebase.ui.auth.KickoffActivity"
71-->[com.firebaseui:firebase-ui-auth:9.0.0] AndroidManifest.xml:32:13-64
72            android:exported="false"
72-->[com.firebaseui:firebase-ui-auth:9.0.0] AndroidManifest.xml:33:13-37
73            android:label=""
73-->[com.firebaseui:firebase-ui-auth:9.0.0] AndroidManifest.xml:34:13-29
74            android:theme="@style/FirebaseUI.Transparent" />
74-->[com.firebaseui:firebase-ui-auth:9.0.0] AndroidManifest.xml:35:13-58
75        <activity
75-->[com.firebaseui:firebase-ui-auth:9.0.0] AndroidManifest.xml:36:9-40:61
76            android:name="com.firebase.ui.auth.ui.idp.SingleSignInActivity"
76-->[com.firebaseui:firebase-ui-auth:9.0.0] AndroidManifest.xml:37:13-76
77            android:exported="false"
77-->[com.firebaseui:firebase-ui-auth:9.0.0] AndroidManifest.xml:38:13-37
78            android:label=""
78-->[com.firebaseui:firebase-ui-auth:9.0.0] AndroidManifest.xml:39:13-29
79            android:theme="@style/FirebaseUI.Transparent" />
79-->[com.firebaseui:firebase-ui-auth:9.0.0] AndroidManifest.xml:40:13-58
80        <activity
80-->[com.firebaseui:firebase-ui-auth:9.0.0] AndroidManifest.xml:41:9-45:61
81            android:name="com.firebase.ui.auth.ui.credentials.CredentialSaveActivity"
81-->[com.firebaseui:firebase-ui-auth:9.0.0] AndroidManifest.xml:42:13-86
82            android:exported="false"
82-->[com.firebaseui:firebase-ui-auth:9.0.0] AndroidManifest.xml:43:13-37
83            android:label=""
83-->[com.firebaseui:firebase-ui-auth:9.0.0] AndroidManifest.xml:44:13-29
84            android:theme="@style/FirebaseUI.Transparent" />
84-->[com.firebaseui:firebase-ui-auth:9.0.0] AndroidManifest.xml:45:13-58
85        <activity
85-->[com.firebaseui:firebase-ui-auth:9.0.0] AndroidManifest.xml:46:9-50:58
86            android:name="com.firebase.ui.auth.ui.email.RecoverPasswordActivity"
86-->[com.firebaseui:firebase-ui-auth:9.0.0] AndroidManifest.xml:47:13-81
87            android:exported="false"
87-->[com.firebaseui:firebase-ui-auth:9.0.0] AndroidManifest.xml:48:13-37
88            android:label="@string/fui_title_recover_password_activity"
88-->[com.firebaseui:firebase-ui-auth:9.0.0] AndroidManifest.xml:49:13-72
89            android:windowSoftInputMode="adjustResize" />
89-->[com.firebaseui:firebase-ui-auth:9.0.0] AndroidManifest.xml:50:13-55
90        <activity
90-->[com.firebaseui:firebase-ui-auth:9.0.0] AndroidManifest.xml:51:9-55:58
91            android:name="com.firebase.ui.auth.ui.email.EmailActivity"
91-->[com.firebaseui:firebase-ui-auth:9.0.0] AndroidManifest.xml:52:13-71
92            android:exported="false"
92-->[com.firebaseui:firebase-ui-auth:9.0.0] AndroidManifest.xml:53:13-37
93            android:label="@string/fui_sign_in_default"
93-->[com.firebaseui:firebase-ui-auth:9.0.0] AndroidManifest.xml:54:13-56
94            android:windowSoftInputMode="adjustResize" />
94-->[com.firebaseui:firebase-ui-auth:9.0.0] AndroidManifest.xml:55:13-55
95        <activity
95-->[com.firebaseui:firebase-ui-auth:9.0.0] AndroidManifest.xml:56:9-60:77
96            android:name="com.firebase.ui.auth.ui.phone.PhoneActivity"
96-->[com.firebaseui:firebase-ui-auth:9.0.0] AndroidManifest.xml:57:13-71
97            android:exported="false"
97-->[com.firebaseui:firebase-ui-auth:9.0.0] AndroidManifest.xml:58:13-37
98            android:label="@string/fui_sign_in_with_phone_number"
98-->[com.firebaseui:firebase-ui-auth:9.0.0] AndroidManifest.xml:59:13-66
99            android:windowSoftInputMode="adjustResize|stateAlwaysVisible" />
99-->[com.firebaseui:firebase-ui-auth:9.0.0] AndroidManifest.xml:60:13-74
100        <activity
100-->[com.firebaseui:firebase-ui-auth:9.0.0] AndroidManifest.xml:61:9-65:58
101            android:name="com.firebase.ui.auth.ui.idp.WelcomeBackIdpPrompt"
101-->[com.firebaseui:firebase-ui-auth:9.0.0] AndroidManifest.xml:62:13-76
102            android:exported="false"
102-->[com.firebaseui:firebase-ui-auth:9.0.0] AndroidManifest.xml:63:13-37
103            android:label="@string/fui_title_welcome_back_idp_prompt"
103-->[com.firebaseui:firebase-ui-auth:9.0.0] AndroidManifest.xml:64:13-70
104            android:windowSoftInputMode="adjustResize" />
104-->[com.firebaseui:firebase-ui-auth:9.0.0] AndroidManifest.xml:65:13-55
105        <activity
105-->[com.firebaseui:firebase-ui-auth:9.0.0] AndroidManifest.xml:66:9-70:58
106            android:name="com.firebase.ui.auth.ui.email.WelcomeBackPasswordPrompt"
106-->[com.firebaseui:firebase-ui-auth:9.0.0] AndroidManifest.xml:67:13-83
107            android:exported="false"
107-->[com.firebaseui:firebase-ui-auth:9.0.0] AndroidManifest.xml:68:13-37
108            android:label="@string/fui_title_welcome_back_password_prompt"
108-->[com.firebaseui:firebase-ui-auth:9.0.0] AndroidManifest.xml:69:13-75
109            android:windowSoftInputMode="adjustResize" />
109-->[com.firebaseui:firebase-ui-auth:9.0.0] AndroidManifest.xml:70:13-55
110        <activity
110-->[com.firebaseui:firebase-ui-auth:9.0.0] AndroidManifest.xml:71:9-75:58
111            android:name="com.firebase.ui.auth.ui.email.WelcomeBackEmailLinkPrompt"
111-->[com.firebaseui:firebase-ui-auth:9.0.0] AndroidManifest.xml:72:13-84
112            android:exported="false"
112-->[com.firebaseui:firebase-ui-auth:9.0.0] AndroidManifest.xml:73:13-37
113            android:label="@string/fui_title_welcome_back_password_prompt"
113-->[com.firebaseui:firebase-ui-auth:9.0.0] AndroidManifest.xml:74:13-75
114            android:windowSoftInputMode="adjustResize" />
114-->[com.firebaseui:firebase-ui-auth:9.0.0] AndroidManifest.xml:75:13-55
115        <activity
115-->[com.firebaseui:firebase-ui-auth:9.0.0] AndroidManifest.xml:76:9-81:58
116            android:name="com.firebase.ui.auth.ui.email.EmailLinkCatcherActivity"
116-->[com.firebaseui:firebase-ui-auth:9.0.0] AndroidManifest.xml:77:13-82
117            android:exported="false"
117-->[com.firebaseui:firebase-ui-auth:9.0.0] AndroidManifest.xml:78:13-37
118            android:label=""
118-->[com.firebaseui:firebase-ui-auth:9.0.0] AndroidManifest.xml:79:13-29
119            android:theme="@style/FirebaseUI.Transparent"
119-->[com.firebaseui:firebase-ui-auth:9.0.0] AndroidManifest.xml:80:13-58
120            android:windowSoftInputMode="adjustResize" />
120-->[com.firebaseui:firebase-ui-auth:9.0.0] AndroidManifest.xml:81:13-55
121        <activity
121-->[com.firebaseui:firebase-ui-auth:9.0.0] AndroidManifest.xml:82:9-86:58
122            android:name="com.firebase.ui.auth.ui.email.EmailLinkErrorRecoveryActivity"
122-->[com.firebaseui:firebase-ui-auth:9.0.0] AndroidManifest.xml:83:13-88
123            android:exported="false"
123-->[com.firebaseui:firebase-ui-auth:9.0.0] AndroidManifest.xml:84:13-37
124            android:label="@string/fui_sign_in_default"
124-->[com.firebaseui:firebase-ui-auth:9.0.0] AndroidManifest.xml:85:13-56
125            android:windowSoftInputMode="adjustResize" />
125-->[com.firebaseui:firebase-ui-auth:9.0.0] AndroidManifest.xml:86:13-55
126        <activity
126-->[com.firebaseui:firebase-ui-auth:9.0.0] AndroidManifest.xml:87:9-90:65
127            android:name="com.firebase.ui.auth.ui.idp.AuthMethodPickerActivity"
127-->[com.firebaseui:firebase-ui-auth:9.0.0] AndroidManifest.xml:88:13-80
128            android:exported="false"
128-->[com.firebaseui:firebase-ui-auth:9.0.0] AndroidManifest.xml:89:13-37
129            android:label="@string/fui_default_toolbar_title" />
129-->[com.firebaseui:firebase-ui-auth:9.0.0] AndroidManifest.xml:90:13-62
130        <activity
130-->[com.firebaseui:firebase-ui-auth:9.0.0] AndroidManifest.xml:91:9-95:48
131            android:name="com.facebook.FacebookActivity"
131-->[com.firebaseui:firebase-ui-auth:9.0.0] AndroidManifest.xml:92:13-57
132            android:configChanges="keyboard|keyboardHidden|screenLayout|screenSize|orientation"
132-->[com.firebaseui:firebase-ui-auth:9.0.0] AndroidManifest.xml:93:13-96
133            android:label="@string/app_name" />
133-->[com.firebaseui:firebase-ui-auth:9.0.0] AndroidManifest.xml:94:13-45
134        <activity
134-->[com.firebaseui:firebase-ui-auth:9.0.0] AndroidManifest.xml:96:9-108:20
135            android:name="com.facebook.CustomTabActivity"
135-->[com.firebaseui:firebase-ui-auth:9.0.0] AndroidManifest.xml:97:13-58
136            android:exported="true" >
136-->[com.firebaseui:firebase-ui-auth:9.0.0] AndroidManifest.xml:98:13-36
137            <intent-filter>
137-->[com.firebaseui:firebase-ui-auth:9.0.0] AndroidManifest.xml:100:13-107:29
138                <action android:name="android.intent.action.VIEW" />
138-->[com.firebaseui:firebase-ui-auth:9.0.0] AndroidManifest.xml:15:13-65
138-->[com.firebaseui:firebase-ui-auth:9.0.0] AndroidManifest.xml:15:21-62
139
140                <category android:name="android.intent.category.DEFAULT" />
140-->[com.firebaseui:firebase-ui-auth:9.0.0] AndroidManifest.xml:103:17-76
140-->[com.firebaseui:firebase-ui-auth:9.0.0] AndroidManifest.xml:103:27-73
141                <category android:name="android.intent.category.BROWSABLE" />
141-->[com.firebaseui:firebase-ui-auth:9.0.0] AndroidManifest.xml:17:13-74
141-->[com.firebaseui:firebase-ui-auth:9.0.0] AndroidManifest.xml:17:23-71
142
143                <data android:scheme="@string/facebook_login_protocol_scheme" />
143-->[com.firebaseui:firebase-ui-auth:9.0.0] AndroidManifest.xml:19:13-43
143-->[com.firebaseui:firebase-ui-auth:9.0.0] AndroidManifest.xml:19:19-40
144            </intent-filter>
145        </activity>
146
147        <provider
147-->[com.firebaseui:firebase-ui-auth:9.0.0] AndroidManifest.xml:110:9-114:38
148            android:name="com.firebase.ui.auth.data.client.AuthUiInitProvider"
148-->[com.firebaseui:firebase-ui-auth:9.0.0] AndroidManifest.xml:111:13-79
149            android:authorities="com.example.b07proj.authuiinitprovider"
149-->[com.firebaseui:firebase-ui-auth:9.0.0] AndroidManifest.xml:112:13-70
150            android:exported="false"
150-->[com.firebaseui:firebase-ui-auth:9.0.0] AndroidManifest.xml:113:13-37
151            android:initOrder="90" />
151-->[com.firebaseui:firebase-ui-auth:9.0.0] AndroidManifest.xml:114:13-35
152
153        <activity
153-->[androidx.compose.ui:ui-tooling-android:1.8.3] AndroidManifest.xml:23:9-25:39
154            android:name="androidx.compose.ui.tooling.PreviewActivity"
154-->[androidx.compose.ui:ui-tooling-android:1.8.3] AndroidManifest.xml:24:13-71
155            android:exported="true" />
155-->[androidx.compose.ui:ui-tooling-android:1.8.3] AndroidManifest.xml:25:13-36
156        <activity
156-->[com.google.firebase:firebase-auth:23.2.1] AndroidManifest.xml:29:9-46:20
157            android:name="com.google.firebase.auth.internal.GenericIdpActivity"
157-->[com.google.firebase:firebase-auth:23.2.1] AndroidManifest.xml:30:13-80
158            android:excludeFromRecents="true"
158-->[com.google.firebase:firebase-auth:23.2.1] AndroidManifest.xml:31:13-46
159            android:exported="true"
159-->[com.google.firebase:firebase-auth:23.2.1] AndroidManifest.xml:32:13-36
160            android:launchMode="singleTask"
160-->[com.google.firebase:firebase-auth:23.2.1] AndroidManifest.xml:33:13-44
161            android:theme="@android:style/Theme.Translucent.NoTitleBar" >
161-->[com.google.firebase:firebase-auth:23.2.1] AndroidManifest.xml:34:13-72
162            <intent-filter>
162-->[com.google.firebase:firebase-auth:23.2.1] AndroidManifest.xml:35:13-45:29
163                <action android:name="android.intent.action.VIEW" />
163-->[com.firebaseui:firebase-ui-auth:9.0.0] AndroidManifest.xml:15:13-65
163-->[com.firebaseui:firebase-ui-auth:9.0.0] AndroidManifest.xml:15:21-62
164
165                <category android:name="android.intent.category.DEFAULT" />
165-->[com.firebaseui:firebase-ui-auth:9.0.0] AndroidManifest.xml:103:17-76
165-->[com.firebaseui:firebase-ui-auth:9.0.0] AndroidManifest.xml:103:27-73
166                <category android:name="android.intent.category.BROWSABLE" />
166-->[com.firebaseui:firebase-ui-auth:9.0.0] AndroidManifest.xml:17:13-74
166-->[com.firebaseui:firebase-ui-auth:9.0.0] AndroidManifest.xml:17:23-71
167
168                <data
168-->[com.firebaseui:firebase-ui-auth:9.0.0] AndroidManifest.xml:19:13-43
169                    android:host="firebase.auth"
170                    android:path="/"
171                    android:scheme="genericidp" />
171-->[com.firebaseui:firebase-ui-auth:9.0.0] AndroidManifest.xml:19:19-40
172            </intent-filter>
173        </activity>
174        <activity
174-->[com.google.firebase:firebase-auth:23.2.1] AndroidManifest.xml:47:9-64:20
175            android:name="com.google.firebase.auth.internal.RecaptchaActivity"
175-->[com.google.firebase:firebase-auth:23.2.1] AndroidManifest.xml:48:13-79
176            android:excludeFromRecents="true"
176-->[com.google.firebase:firebase-auth:23.2.1] AndroidManifest.xml:49:13-46
177            android:exported="true"
177-->[com.google.firebase:firebase-auth:23.2.1] AndroidManifest.xml:50:13-36
178            android:launchMode="singleTask"
178-->[com.google.firebase:firebase-auth:23.2.1] AndroidManifest.xml:51:13-44
179            android:theme="@android:style/Theme.Translucent.NoTitleBar" >
179-->[com.google.firebase:firebase-auth:23.2.1] AndroidManifest.xml:52:13-72
180            <intent-filter>
180-->[com.google.firebase:firebase-auth:23.2.1] AndroidManifest.xml:53:13-63:29
181                <action android:name="android.intent.action.VIEW" />
181-->[com.firebaseui:firebase-ui-auth:9.0.0] AndroidManifest.xml:15:13-65
181-->[com.firebaseui:firebase-ui-auth:9.0.0] AndroidManifest.xml:15:21-62
182
183                <category android:name="android.intent.category.DEFAULT" />
183-->[com.firebaseui:firebase-ui-auth:9.0.0] AndroidManifest.xml:103:17-76
183-->[com.firebaseui:firebase-ui-auth:9.0.0] AndroidManifest.xml:103:27-73
184                <category android:name="android.intent.category.BROWSABLE" />
184-->[com.firebaseui:firebase-ui-auth:9.0.0] AndroidManifest.xml:17:13-74
184-->[com.firebaseui:firebase-ui-auth:9.0.0] AndroidManifest.xml:17:23-71
185
186                <data
186-->[com.firebaseui:firebase-ui-auth:9.0.0] AndroidManifest.xml:19:13-43
187                    android:host="firebase.auth"
188                    android:path="/"
189                    android:scheme="recaptcha" />
189-->[com.firebaseui:firebase-ui-auth:9.0.0] AndroidManifest.xml:19:19-40
190            </intent-filter>
191        </activity>
192
193        <service
193-->[com.google.firebase:firebase-auth:23.2.1] AndroidManifest.xml:66:9-72:19
194            android:name="com.google.firebase.components.ComponentDiscoveryService"
194-->[com.google.firebase:firebase-auth:23.2.1] AndroidManifest.xml:67:13-84
195            android:directBootAware="true"
195-->[com.google.firebase:firebase-common:21.0.0] AndroidManifest.xml:32:13-43
196            android:exported="false" >
196-->[com.google.firebase:firebase-auth:23.2.1] AndroidManifest.xml:68:13-37
197            <meta-data
197-->[com.google.firebase:firebase-auth:23.2.1] AndroidManifest.xml:69:13-71:85
198                android:name="com.google.firebase.components:com.google.firebase.auth.FirebaseAuthRegistrar"
198-->[com.google.firebase:firebase-auth:23.2.1] AndroidManifest.xml:70:17-109
199                android:value="com.google.firebase.components.ComponentRegistrar" />
199-->[com.google.firebase:firebase-auth:23.2.1] AndroidManifest.xml:71:17-82
200            <meta-data
200-->[com.google.firebase:firebase-firestore:25.1.4] AndroidManifest.xml:17:13-19:85
201                android:name="com.google.firebase.components:com.google.firebase.firestore.FirebaseFirestoreKtxRegistrar"
201-->[com.google.firebase:firebase-firestore:25.1.4] AndroidManifest.xml:18:17-122
202                android:value="com.google.firebase.components.ComponentRegistrar" />
202-->[com.google.firebase:firebase-firestore:25.1.4] AndroidManifest.xml:19:17-82
203            <meta-data
203-->[com.google.firebase:firebase-firestore:25.1.4] AndroidManifest.xml:20:13-22:85
204                android:name="com.google.firebase.components:com.google.firebase.firestore.FirestoreRegistrar"
204-->[com.google.firebase:firebase-firestore:25.1.4] AndroidManifest.xml:21:17-111
205                android:value="com.google.firebase.components.ComponentRegistrar" />
205-->[com.google.firebase:firebase-firestore:25.1.4] AndroidManifest.xml:22:17-82
206            <meta-data
206-->[com.google.android.gms:play-services-measurement-api:22.5.0] AndroidManifest.xml:33:13-35:85
207                android:name="com.google.firebase.components:com.google.firebase.analytics.connector.internal.AnalyticsConnectorRegistrar"
207-->[com.google.android.gms:play-services-measurement-api:22.5.0] AndroidManifest.xml:34:17-139
208                android:value="com.google.firebase.components.ComponentRegistrar" />
208-->[com.google.android.gms:play-services-measurement-api:22.5.0] AndroidManifest.xml:35:17-82
209            <meta-data
209-->[com.google.firebase:firebase-installations:18.0.0] AndroidManifest.xml:15:13-17:85
210                android:name="com.google.firebase.components:com.google.firebase.installations.FirebaseInstallationsKtxRegistrar"
210-->[com.google.firebase:firebase-installations:18.0.0] AndroidManifest.xml:16:17-130
211                android:value="com.google.firebase.components.ComponentRegistrar" />
211-->[com.google.firebase:firebase-installations:18.0.0] AndroidManifest.xml:17:17-82
212            <meta-data
212-->[com.google.firebase:firebase-installations:18.0.0] AndroidManifest.xml:18:13-20:85
213                android:name="com.google.firebase.components:com.google.firebase.installations.FirebaseInstallationsRegistrar"
213-->[com.google.firebase:firebase-installations:18.0.0] AndroidManifest.xml:19:17-127
214                android:value="com.google.firebase.components.ComponentRegistrar" />
214-->[com.google.firebase:firebase-installations:18.0.0] AndroidManifest.xml:20:17-82
215            <meta-data
215-->[com.google.firebase:firebase-common-ktx:21.0.0] AndroidManifest.xml:12:13-14:85
216                android:name="com.google.firebase.components:com.google.firebase.ktx.FirebaseCommonLegacyRegistrar"
216-->[com.google.firebase:firebase-common-ktx:21.0.0] AndroidManifest.xml:13:17-116
217                android:value="com.google.firebase.components.ComponentRegistrar" />
217-->[com.google.firebase:firebase-common-ktx:21.0.0] AndroidManifest.xml:14:17-82
218            <meta-data
218-->[com.google.firebase:firebase-common:21.0.0] AndroidManifest.xml:35:13-37:85
219                android:name="com.google.firebase.components:com.google.firebase.FirebaseCommonKtxRegistrar"
219-->[com.google.firebase:firebase-common:21.0.0] AndroidManifest.xml:36:17-109
220                android:value="com.google.firebase.components.ComponentRegistrar" />
220-->[com.google.firebase:firebase-common:21.0.0] AndroidManifest.xml:37:17-82
221        </service>
222
223        <receiver
223-->[com.google.android.gms:play-services-measurement:22.5.0] AndroidManifest.xml:29:9-33:20
224            android:name="com.google.android.gms.measurement.AppMeasurementReceiver"
224-->[com.google.android.gms:play-services-measurement:22.5.0] AndroidManifest.xml:30:13-85
225            android:enabled="true"
225-->[com.google.android.gms:play-services-measurement:22.5.0] AndroidManifest.xml:31:13-35
226            android:exported="false" >
226-->[com.google.android.gms:play-services-measurement:22.5.0] AndroidManifest.xml:32:13-37
227        </receiver>
228
229        <service
229-->[com.google.android.gms:play-services-measurement:22.5.0] AndroidManifest.xml:35:9-38:40
230            android:name="com.google.android.gms.measurement.AppMeasurementService"
230-->[com.google.android.gms:play-services-measurement:22.5.0] AndroidManifest.xml:36:13-84
231            android:enabled="true"
231-->[com.google.android.gms:play-services-measurement:22.5.0] AndroidManifest.xml:37:13-35
232            android:exported="false" />
232-->[com.google.android.gms:play-services-measurement:22.5.0] AndroidManifest.xml:38:13-37
233        <service
233-->[com.google.android.gms:play-services-measurement:22.5.0] AndroidManifest.xml:39:9-43:72
234            android:name="com.google.android.gms.measurement.AppMeasurementJobService"
234-->[com.google.android.gms:play-services-measurement:22.5.0] AndroidManifest.xml:40:13-87
235            android:enabled="true"
235-->[com.google.android.gms:play-services-measurement:22.5.0] AndroidManifest.xml:41:13-35
236            android:exported="false"
236-->[com.google.android.gms:play-services-measurement:22.5.0] AndroidManifest.xml:42:13-37
237            android:permission="android.permission.BIND_JOB_SERVICE" />
237-->[com.google.android.gms:play-services-measurement:22.5.0] AndroidManifest.xml:43:13-69
238        <service
238-->[androidx.credentials:credentials-play-services-auth:1.3.0] AndroidManifest.xml:24:9-32:19
239            android:name="androidx.credentials.playservices.CredentialProviderMetadataHolder"
239-->[androidx.credentials:credentials-play-services-auth:1.3.0] AndroidManifest.xml:25:13-94
240            android:enabled="true"
240-->[androidx.credentials:credentials-play-services-auth:1.3.0] AndroidManifest.xml:26:13-35
241            android:exported="false" >
241-->[androidx.credentials:credentials-play-services-auth:1.3.0] AndroidManifest.xml:27:13-37
242            <meta-data
242-->[androidx.credentials:credentials-play-services-auth:1.3.0] AndroidManifest.xml:29:13-31:104
243                android:name="androidx.credentials.CREDENTIAL_PROVIDER_KEY"
243-->[androidx.credentials:credentials-play-services-auth:1.3.0] AndroidManifest.xml:30:17-76
244                android:value="androidx.credentials.playservices.CredentialProviderPlayServicesImpl" />
244-->[androidx.credentials:credentials-play-services-auth:1.3.0] AndroidManifest.xml:31:17-101
245        </service>
246
247        <activity
247-->[androidx.credentials:credentials-play-services-auth:1.3.0] AndroidManifest.xml:34:9-41:20
248            android:name="androidx.credentials.playservices.HiddenActivity"
248-->[androidx.credentials:credentials-play-services-auth:1.3.0] AndroidManifest.xml:35:13-76
249            android:configChanges="orientation|screenSize|screenLayout|keyboardHidden"
249-->[androidx.credentials:credentials-play-services-auth:1.3.0] AndroidManifest.xml:36:13-87
250            android:enabled="true"
250-->[androidx.credentials:credentials-play-services-auth:1.3.0] AndroidManifest.xml:37:13-35
251            android:exported="false"
251-->[androidx.credentials:credentials-play-services-auth:1.3.0] AndroidManifest.xml:38:13-37
252            android:fitsSystemWindows="true"
252-->[androidx.credentials:credentials-play-services-auth:1.3.0] AndroidManifest.xml:39:13-45
253            android:theme="@style/Theme.Hidden" >
253-->[androidx.credentials:credentials-play-services-auth:1.3.0] AndroidManifest.xml:40:13-48
254        </activity>
255        <activity
255-->[com.google.android.gms:play-services-auth:21.3.0] AndroidManifest.xml:23:9-27:75